Build started 8/13/2011 2:33:42 PM.
     1>Project "C:\Users\camilo\Documents\Visual Studio 2010\Projects\Draw Maze\Draw Maze\Draw Maze.vcxproj" on node 2 (build target(s)).
     1>InitializeBuildStatus:
         Creating "Debug\Draw Maze.unsuccessfulbuild" because "AlwaysCreate" was specified.
       ClCompile:
         C:\Program Files (x86)\Microsoft Visual Studio 10.0\VC\bin\CL.exe /c /ZI /nologo /W3 /WX- /Od /Oy- /D _MBCS /Gm /EHsc /RTC1 /MDd /GS /fp:precise /Zc:wchar_t /Zc:forScope /Fo"Debug\\" /Fd"Debug\vc100.pdb" /Gd /TP /analyze- /errorReport:prompt runMaze.cpp
         runMaze.cpp
       Link:
         C:\Program Files (x86)\Microsoft Visual Studio 10.0\VC\bin\link.exe /ERRORREPORT:PROMPT /OUT:"C:\Users\camilo\Documents\Visual Studio 2010\Projects\Draw Maze\Debug\Draw Maze.exe" /NOLOGO kernel32.lib user32.lib gdi32.lib winspool.lib comdlg32.lib advapi32.lib shell32.lib ole32.lib oleaut32.lib uuid.lib odbc32.lib odbccp32.lib /MANIFEST /ManifestFile:"Debug\Draw Maze.exe.intermediate.manifest" /MANIFESTUAC:"level='asInvoker' uiAccess='false'" /DEBUG /PDB:"C:\Users\camilo\Documents\Visual Studio 2010\Projects\Draw Maze\Debug\Draw Maze.pdb" /TLBID:1 /DYNAMICBASE /NXCOMPAT /IMPLIB:"C:\Users\camilo\Documents\Visual Studio 2010\Projects\Draw Maze\Debug\Draw Maze.lib" /MACHINE:X86 Debug\disjointSet.obj
         Debug\maze.obj
         Debug\runMaze.obj
         LINK : C:\Users\camilo\Documents\Visual Studio 2010\Projects\Draw Maze\Debug\Draw Maze.exe not found or not built by the last incremental link; performing full link
         Draw Maze.vcxproj -> C:\Users\camilo\Documents\Visual Studio 2010\Projects\Draw Maze\Debug\Draw Maze.exe
       Manifest:
         C:\Program Files (x86)\Microsoft SDKs\Windows\v7.0A\bin\mt.exe /nologo /verbose /outputresource:"C:\Users\camilo\Documents\Visual Studio 2010\Projects\Draw Maze\Debug\Draw Maze.exe;#1" /manifest "Debug\Draw Maze.exe.intermediate.manifest"
       FinalizeBuildStatus:
         Deleting file "Debug\Draw Maze.unsuccessfulbuild".
         Touching "Debug\Draw Maze.lastbuildstate".
     1>Done Building Project "C:\Users\camilo\Documents\Visual Studio 2010\Projects\Draw Maze\Draw Maze\Draw Maze.vcxproj" (build target(s)).

Build succeeded.

Time Elapsed 00:00:00.88
